<?xml version="1.0" encoding="UTF-8"?>
<!-- Generated by org.testng.reporters.JUnitXMLReporter -->
<testsuite ignored="14" hostname="DESKTOP-SKFP6VU" failures="0" tests="1" name="Default test" time="8.416" errors="0" timestamp="2024-01-10T17:05:01 IST">
  <testcase classname="testcases.RegistrationTest" name="signupButtonEnable" time="0.044"/>
  <testcase classname="testcases.RegistrationTest" name="mismatchPasswordConPassword" time="0.0">
    <ignored/>
  </testcase> <!-- mismatchPasswordConPassword -->
  <testcase classname="testcases.RegistrationTest" name="duplicatePhoneNum" time="0.0">
    <ignored/>
  </testcase> <!-- duplicatePhoneNum -->
  <testcase classname="testcases.RegistrationTest" name="duplicateEmailID" time="0.0">
    <ignored/>
  </testcase> <!-- duplicateEmailID -->
  <testcase classname="testcases.RegistrationTest" name="invalidPasswordLength" time="0.0">
    <ignored/>
  </testcase> <!-- invalidPasswordLength -->
  <testcase classname="testcases.RegistrationTest" name="emptyConfirmPassword" time="0.0">
    <ignored/>
  </testcase> <!-- emptyConfirmPassword -->
  <testcase classname="testcases.RegistrationTest" name="emptyPhoneNum" time="0.0">
    <ignored/>
  </testcase> <!-- emptyPhoneNum -->
  <testcase classname="testcases.RegistrationTest" name="emptyLastName" time="0.0">
    <ignored/>
  </testcase> <!-- emptyLastName -->
  <testcase classname="testcases.RegistrationTest" name="verifyShowConPassword" time="0.0">
    <ignored/>
  </testcase> <!-- verifyShowConPassword -->
  <testcase classname="testcases.RegistrationTest" name="emptyPassword" time="0.0">
    <ignored/>
  </testcase> <!-- emptyPassword -->
  <testcase classname="testcases.RegistrationTest" name="regElementsAvailable" time="0.0">
    <ignored/>
  </testcase> <!-- regElementsAvailable -->
  <testcase classname="testcases.RegistrationTest" name="verifyShowPassword" time="0.0">
    <ignored/>
  </testcase> <!-- verifyShowPassword -->
  <testcase classname="testcases.RegistrationTest" name="emptyEmail" time="0.0">
    <ignored/>
  </testcase> <!-- emptyEmail -->
  <testcase classname="testcases.RegistrationTest" name="emptyFirstName" time="0.0">
    <ignored/>
  </testcase> <!-- emptyFirstName -->
  <testcase classname="testcases.RegistrationTest" name="validRegistratinCredentials" time="0.0">
    <ignored/>
  </testcase> <!-- validRegistratinCredentials -->
</testsuite> <!-- Default test -->
